未在文法中使用終結語詞

    MK_DOT
    ERROR


狀態 205 衝突：1 項偏移/縮減


文法

    0 $accept: program $end

    1 program: global_decl_list
    2        | %empty

    3 global_decl_list: global_decl_list global_decl
    4                 | global_decl

    5 global_decl: decl_list function_decl
    6            | function_decl

    7 function_decl: type ID MK_LPAREN param_list MK_RPAREN MK_LBRACE block MK_RBRACE
    8              | VOID ID MK_LPAREN param_list MK_RPAREN MK_LBRACE block MK_RBRACE
    9              | type ID MK_LPAREN MK_RPAREN MK_LBRACE block MK_RBRACE
   10              | VOID ID MK_LPAREN MK_RPAREN MK_LBRACE block MK_RBRACE

   11 param_list: param_list MK_COMMA param
   12           | param

   13 param: type ID
   14      | type ID dim_fn

   15 dim_fn: MK_LB expr_null MK_RB
   16       | dim_fn MK_LB expr MK_RB

   17 expr_null: expr
   18          | %empty

   19 block: decl_list stmt_list
   20      | stmt_list
   21      | decl_list
   22      | %empty

   23 decl_list: decl_list decl
   24          | decl

   25 decl: type_decl
   26     | var_decl

   27 type_decl: TYPEDEF type id_list MK_SEMICOLON
   28          | TYPEDEF VOID id_list MK_SEMICOLON

   29 var_decl: type init_id_list MK_SEMICOLON

   30 type: INT
   31     | FLOAT
   32     | ID

   33 id_list: ID
   34        | id_list MK_COMMA ID
   35        | id_list MK_COMMA ID dim_decl
   36        | ID dim_decl

   37 dim_decl: MK_LB cexpr MK_RB
   38         | dim_decl MK_LB cexpr MK_RB

   39 cexpr: cexpr OP_PLUS mcexpr
   40      | cexpr OP_MINUS mcexpr
   41      | mcexpr

   42 mcexpr: mcexpr OP_TIMES cfactor
   43       | mcexpr OP_DIVIDE cfactor
   44       | cfactor

   45 cfactor: CONST
   46        | OP_MINUS cfactor
   47        | MK_LPAREN cexpr MK_RPAREN

   48 init_id_list: init_id
   49             | init_id_list MK_COMMA init_id

   50 init_id: ID
   51        | ID dim_decl
   52        | ID OP_ASSIGN relop_expr

   53 stmt_list: stmt_list stmt
   54          | stmt

   55 stmt: MK_LBRACE block MK_RBRACE
   56     | WHILE MK_LPAREN test MK_RPAREN stmt
   57     | FOR MK_LPAREN assign_expr_list MK_SEMICOLON relop_expr_list MK_SEMICOLON assign_expr_list MK_RPAREN stmt
   58     | var_ref OP_ASSIGN relop_expr MK_SEMICOLON
   59     | IF MK_LPAREN test MK_RPAREN stmt
   60     | IF MK_LPAREN test MK_RPAREN stmt ELSE stmt
   61     | ID MK_LPAREN relop_expr_list MK_RPAREN MK_SEMICOLON
   62     | MK_SEMICOLON
   63     | RETURN MK_SEMICOLON
   64     | RETURN relop_expr MK_SEMICOLON

   65 assign_expr_list: nonempty_assign_expr_list
   66                 | %empty

   67 nonempty_assign_expr_list: nonempty_assign_expr_list MK_COMMA assign_expr
   68                          | assign_expr

   69 test: assign_expr

   70 assign_expr: ID OP_ASSIGN relop_expr
   71            | relop_expr

   72 relop_expr: relop_term
   73           | relop_expr OP_OR relop_term

   74 relop_term: relop_factor
   75           | relop_term OP_AND relop_factor

   76 relop_factor: expr
   77             | expr rel_op expr

   78 rel_op: OP_EQ
   79       | OP_GE
   80       | OP_LE
   81       | OP_NE
   82       | OP_GT
   83       | OP_LT

   84 relop_expr_list: nonempty_relop_expr_list
   85                | %empty

   86 nonempty_relop_expr_list: nonempty_relop_expr_list MK_COMMA relop_expr
   87                         | relop_expr

   88 expr: expr add_op term
   89     | term

   90 add_op: OP_PLUS
   91       | OP_MINUS

   92 term: term mul_op factor
   93     | factor

   94 mul_op: OP_TIMES
   95       | OP_DIVIDE

   96 factor: MK_LPAREN relop_expr MK_RPAREN
   97       | OP_MINUS MK_LPAREN relop_expr MK_RPAREN
   98       | OP_NOT MK_LPAREN relop_expr MK_RPAREN
   99       | CONST
  100       | OP_MINUS CONST
  101       | OP_NOT CONST
  102       | ID MK_LPAREN relop_expr_list MK_RPAREN
  103       | OP_MINUS ID MK_LPAREN relop_expr_list MK_RPAREN
  104       | OP_NOT ID MK_LPAREN relop_expr_list MK_RPAREN
  105       | var_ref
  106       | OP_MINUS var_ref
  107       | OP_NOT var_ref

  108 var_ref: ID
  109        | ID dim_list

  110 dim_list: dim_list MK_LB expr MK_RB
  111         | MK_LB expr MK_RB


終結語詞，附有它們出現處的規則

    $end (0) 0
    error (256)
    ID <lexeme> (258) 7 8 9 10 13 14 32 33 34 35 36 50 51 52 61 70 102 103 104 108 109
    CONST <const1> (259) 45 99 100 101
    VOID (260) 8 10 28
    INT (261) 30
    FLOAT (262) 31
    IF (263) 59 60
    ELSE (264) 60
    WHILE (265) 56
    FOR (266) 57
    TYPEDEF (267) 27 28
    OP_ASSIGN (268) 52 58 70
    OP_OR (269) 73
    OP_AND (270) 75
    OP_NOT (271) 98 101 104 107
    OP_EQ (272) 78
    OP_NE (273) 81
    OP_GT (274) 82
    OP_LT (275) 83
    OP_GE (276) 79
    OP_LE (277) 80
    OP_PLUS (278) 39 90
    OP_MINUS (279) 40 46 91 97 100 103 106
    OP_TIMES (280) 42 94
    OP_DIVIDE (281) 43 95
    MK_LB (282) 15 16 37 38 110 111
    MK_RB (283) 15 16 37 38 110 111
    MK_LPAREN (284) 7 8 9 10 47 56 57 59 60 61 96 97 98 102 103 104
    MK_RPAREN (285) 7 8 9 10 47 56 57 59 60 61 96 97 98 102 103 104
    MK_LBRACE (286) 7 8 9 10 55
    MK_RBRACE (287) 7 8 9 10 55
    MK_COMMA (288) 11 34 35 49 67 86
    MK_SEMICOLON (289) 27 28 29 57 58 61 62 63 64
    MK_DOT (290)
    ERROR (291)
    RETURN (292) 63 64


非終結語詞，附有它們出現處的規則

    $accept (38)
        於左側： 0
    program <node> (39)
        於左側： 1 2
        於右側： 0
    global_decl_list <node> (40)
        於左側： 3 4
        於右側： 1 3
    global_decl <node> (41)
        於左側： 5 6
        於右側： 3 4
    function_decl <node> (42)
        於左側： 7 8 9 10
        於右側： 5 6
    param_list <node> (43)
        於左側： 11 12
        於右側： 7 8 11
    param <node> (44)
        於左側： 13 14
        於右側： 11 12
    dim_fn <node> (45)
        於左側： 15 16
        於右側： 14 16
    expr_null <node> (46)
        於左側： 17 18
        於右側： 15
    block <node> (47)
        於左側： 19 20 21 22
        於右側： 7 8 9 10 55
    decl_list <node> (48)
        於左側： 23 24
        於右側： 5 19 21 23
    decl <node> (49)
        於左側： 25 26
        於右側： 23 24
    type_decl <node> (50)
        於左側： 27 28
        於右側： 25
    var_decl <node> (51)
        於左側： 29
        於右側： 26
    type <node> (52)
        於左側： 30 31 32
        於右側： 7 9 13 14 27 29
    id_list <node> (53)
        於左側： 33 34 35 36
        於右側： 27 28 34 35
    dim_decl <node> (54)
        於左側： 37 38
        於右側： 35 36 38 51
    cexpr <node> (55)
        於左側： 39 40 41
        於右側： 37 38 39 40 47
    mcexpr <node> (56)
        於左側： 42 43 44
        於右側： 39 40 41 42 43
    cfactor <node> (57)
        於左側： 45 46 47
        於右側： 42 43 44 46
    init_id_list <node> (58)
        於左側： 48 49
        於右側： 29 49
    init_id <node> (59)
        於左側： 50 51 52
        於右側： 48 49
    stmt_list <node> (60)
        於左側： 53 54
        於右側： 19 20 53
    stmt <node> (61)
        於左側： 55 56 57 58 59 60 61 62 63 64
        於右側： 53 54 56 57 59 60
    assign_expr_list <node> (62)
        於左側： 65 66
        於右側： 57
    nonempty_assign_expr_list <node> (63)
        於左側： 67 68
        於右側： 65 67
    test <node> (64)
        於左側： 69
        於右側： 56 59 60
    assign_expr <node> (65)
        於左側： 70 71
        於右側： 67 68 69
    relop_expr <node> (66)
        於左側： 72 73
        於右側： 52 58 64 70 71 73 86 87 96 97 98
    relop_term <node> (67)
        於左側： 74 75
        於右側： 72 73 75
    relop_factor <node> (68)
        於左側： 76 77
        於右側： 74 75
    rel_op <node> (69)
        於左側： 78 79 80 81 82 83
        於右側： 77
    relop_expr_list <node> (70)
        於左側： 84 85
        於右側： 57 61 102 103 104
    nonempty_relop_expr_list <node> (71)
        於左側： 86 87
        於右側： 84 86
    expr <node> (72)
        於左側： 88 89
        於右側： 16 17 76 77 88 110 111
    add_op <node> (73)
        於左側： 90 91
        於右側： 88
    term <node> (74)
        於左側： 92 93
        於右側： 88 89 92
    mul_op <node> (75)
        於左側： 94 95
        於右側： 92
    factor <node> (76)
        於左側： 96 97 98 99 100 101 102 103 104 105 106 107
        於右側： 92 93
    var_ref <node> (77)
        於左側： 108 109
        於右側： 58 105 106 107
    dim_list <node> (78)
        於左側： 110 111
        於右側： 109 110


狀態 0

    0 $accept: • program $end

    ID       偏移，並進入狀態 1
    VOID     偏移，並進入狀態 2
    INT      偏移，並進入狀態 3
    FLOAT    偏移，並進入狀態 4
    TYPEDEF  偏移，並進入狀態 5

    $default  使用規則 2 以縮減 (program)

    program           進入狀態 6
    global_decl_list  進入狀態 7
    global_decl       進入狀態 8
    function_decl     進入狀態 9
    decl_list         進入狀態 10
    decl              進入狀態 11
    type_decl         進入狀態 12
    var_decl          進入狀態 13
    type              進入狀態 14


狀態 1

   32 type: ID •

    $default  使用規則 32 以縮減 (type)


狀態 2

    8 function_decl: VOID • ID MK_LPAREN param_list MK_RPAREN MK_LBRACE block MK_RBRACE
   10              | VOID • ID MK_LPAREN MK_RPAREN MK_LBRACE block MK_RBRACE

    ID  偏移，並進入狀態 15


狀態 3

   30 type: INT •

    $default  使用規則 30 以縮減 (type)


狀態 4

   31 type: FLOAT •

    $default  使用規則 31 以縮減 (type)


狀態 5

   27 type_decl: TYPEDEF • type id_list MK_SEMICOLON
   28          | TYPEDEF • VOID id_list MK_SEMICOLON

    ID     偏移，並進入狀態 1
    VOID   偏移，並進入狀態 16
    INT    偏移，並進入狀態 3
    FLOAT  偏移，並進入狀態 4

    type  進入狀態 17


狀態 6

    0 $accept: program • $end

    $end  偏移，並進入狀態 18


狀態 7

    1 program: global_decl_list •
    3 global_decl_list: global_decl_list • global_decl

    ID       偏移，並進入狀態 1
    VOID     偏移，並進入狀態 2
    INT      偏移，並進入狀態 3
    FLOAT    偏移，並進入狀態 4
    TYPEDEF  偏移，並進入狀態 5

    $default  使用規則 1 以縮減 (program)

    global_decl    進入狀態 19
    function_decl  進入狀態 9
    decl_list      進入狀態 10
    decl           進入狀態 11
    type_decl      進入狀態 12
    var_decl       進入狀態 13
    type           進入狀態 14


狀態 8

    4 global_decl_list: global_decl •

    $default  使用規則 4 以縮減 (global_decl_list)


狀態 9

    6 global_decl: function_decl •

    $default  使用規則 6 以縮減 (global_decl)


狀態 10

    5 global_decl: decl_list • function_decl
   23 decl_list: decl_list • decl

    ID       偏移，並進入狀態 1
    VOID     偏移，並進入狀態 2
    INT      偏移，並進入狀態 3
    FLOAT    偏移，並進入狀態 4
    TYPEDEF  偏移，並進入狀態 5

    function_decl  進入狀態 20
    decl           進入狀態 21
    type_decl      進入狀態 12
    var_decl       進入狀態 13
    type           進入狀態 14


狀態 11

   24 decl_list: decl •

    $default  使用規則 24 以縮減 (decl_list)


狀態 12

   25 decl: type_decl •

    $default  使用規則 25 以縮減 (decl)


狀態 13

   26 decl: var_decl •

    $default  使用規則 26 以縮減 (decl)


狀態 14

    7 function_decl: type • ID MK_LPAREN param_list MK_RPAREN MK_LBRACE block MK_RBRACE
    9              | type • ID MK_LPAREN MK_RPAREN MK_LBRACE block MK_RBRACE
   29 var_decl: type • init_id_list MK_SEMICOLON

    ID  偏移，並進入狀態 22

    init_id_list  進入狀態 23
    init_id       進入狀態 24


狀態 15

    8 function_decl: VOID ID • MK_LPAREN param_list MK_RPAREN MK_LBRACE block MK_RBRACE
   10              | VOID ID • MK_LPAREN MK_RPAREN MK_LBRACE block MK_RBRACE

    MK_LPAREN  偏移，並進入狀態 25


狀態 16

   28 type_decl: TYPEDEF VOID • id_list MK_SEMICOLON

    ID  偏移，並進入狀態 26

    id_list  進入狀態 27


狀態 17

   27 type_decl: TYPEDEF type • id_list MK_SEMICOLON

    ID  偏移，並進入狀態 26

    id_list  進入狀態 28


狀態 18

    0 $accept: program $end •

    $default  接受


狀態 19

    3 global_decl_list: global_decl_list global_decl •

    $default  使用規則 3 以縮減 (global_decl_list)


狀態 20

    5 global_decl: decl_list function_decl •

    $default  使用規則 5 以縮減 (global_decl)


狀態 21

   23 decl_list: decl_list decl •

    $default  使用規則 23 以縮減 (decl_list)


狀態 22

    7 function_decl: type ID • MK_LPAREN param_list MK_RPAREN MK_LBRACE block MK_RBRACE
    9              | type ID • MK_LPAREN MK_RPAREN MK_LBRACE block MK_RBRACE
   50 init_id: ID •
   51        | ID • dim_decl
   52        | ID • OP_ASSIGN relop_expr

    OP_ASSIGN  偏移，並進入狀態 29
    MK_LB      偏移，並進入狀態 30
    MK_LPAREN  偏移，並進入狀態 31

    $default  使用規則 50 以縮減 (init_id)

    dim_decl  進入狀態 32


狀態 23

   29 var_decl: type init_id_list • MK_SEMICOLON
   49 init_id_list: init_id_list • MK_COMMA init_id

    MK_COMMA      偏移，並進入狀態 33
    MK_SEMICOLON  偏移，並進入狀態 34


狀態 24

   48 init_id_list: init_id •

    $default  使用規則 48 以縮減 (init_id_list)


狀態 25

    8 function_decl: VOID ID MK_LPAREN • param_list MK_RPAREN MK_LBRACE block MK_RBRACE
   10              | VOID ID MK_LPAREN • MK_RPAREN MK_LBRACE block MK_RBRACE

    ID         偏移，並進入狀態 1
    INT        偏移，並進入狀態 3
    FLOAT      偏移，並進入狀態 4
    MK_RPAREN  偏移，並進入狀態 35

    param_list  進入狀態 36
    param       進入狀態 37
    type        進入狀態 38


狀態 26

   33 id_list: ID •
   36        | ID • dim_decl

    MK_LB  偏移，並進入狀態 30

    $default  使用規則 33 以縮減 (id_list)

    dim_decl  進入狀態 39


狀態 27

   28 type_decl: TYPEDEF VOID id_list • MK_SEMICOLON
   34 id_list: id_list • MK_COMMA ID
   35        | id_list • MK_COMMA ID dim_decl

    MK_COMMA      偏移，並進入狀態 40
    MK_SEMICOLON  偏移，並進入狀態 41


狀態 28

   27 type_decl: TYPEDEF type id_list • MK_SEMICOLON
   34 id_list: id_list • MK_COMMA ID
   35        | id_list • MK_COMMA ID dim_decl

    MK_COMMA      偏移，並進入狀態 40
    MK_SEMICOLON  偏移，並進入狀態 42


狀態 29

   52 init_id: ID OP_ASSIGN • relop_expr

    ID         偏移，並進入狀態 43
    CONST      偏移，並進入狀態 44
    OP_NOT     偏移，並進入狀態 45
    OP_MINUS   偏移，並進入狀態 46
    MK_LPAREN  偏移，並進入狀態 47

    relop_expr    進入狀態 48
    relop_term    進入狀態 49
    relop_factor  進入狀態 50
    expr          進入狀態 51
    term          進入狀態 52
    factor        進入狀態 53
    var_ref       進入狀態 54


狀態 30

   37 dim_decl: MK_LB • cexpr MK_RB

    CONST      偏移，並進入狀態 55
    OP_MINUS   偏移，並進入狀態 56
    MK_LPAREN  偏移，並進入狀態 57

    cexpr    進入狀態 58
    mcexpr   進入狀態 59
    cfactor  進入狀態 60


狀態 31

    7 function_decl: type ID MK_LPAREN • param_list MK_RPAREN MK_LBRACE block MK_RBRACE
    9              | type ID MK_LPAREN • MK_RPAREN MK_LBRACE block MK_RBRACE

    ID         偏移，並進入狀態 1
    INT        偏移，並進入狀態 3
    FLOAT      偏移，並進入狀態 4
    MK_RPAREN  偏移，並進入狀態 61

    param_list  進入狀態 62
    param       進入狀態 37
    type        進入狀態 38


狀態 32

   38 dim_decl: dim_decl • MK_LB cexpr MK_RB
   51 init_id: ID dim_decl •

    MK_LB  偏移，並進入狀態 63

    $default  使用規則 51 以縮減 (init_id)


狀態 33

   49 init_id_list: init_id_list MK_COMMA • init_id

    ID  偏移，並進入狀態 64

    init_id  進入狀態 65


狀態 34

   29 var_decl: type init_id_list MK_SEMICOLON •

    $default  使用規則 29 以縮減 (var_decl)


狀態 35

   10 function_decl: VOID ID MK_LPAREN MK_RPAREN • MK_LBRACE block MK_RBRACE

    MK_LBRACE  偏移，並進入狀態 66


狀態 36

    8 function_decl: VOID ID MK_LPAREN param_list • MK_RPAREN MK_LBRACE block MK_RBRACE
   11 param_list: param_list • MK_COMMA param

    MK_RPAREN  偏移，並進入狀態 67
    MK_COMMA   偏移，並進入狀態 68


狀態 37

   12 param_list: param •

    $default  使用規則 12 以縮減 (param_list)


狀態 38

   13 param: type • ID
   14      | type • ID dim_fn

    ID  偏移，並進入狀態 69


狀態 39

   36 id_list: ID dim_decl •
   38 dim_decl: dim_decl • MK_LB cexpr MK_RB

    MK_LB  偏移，並進入狀態 63

    $default  使用規則 36 以縮減 (id_list)


狀態 40

   34 id_list: id_list MK_COMMA • ID
   35        | id_list MK_COMMA • ID dim_decl

    ID  偏移，並進入狀態 70


狀態 41

   28 type_decl: TYPEDEF VOID id_list MK_SEMICOLON •

    $default  使用規則 28 以縮減 (type_decl)


狀態 42

   27 type_decl: TYPEDEF type id_list MK_SEMICOLON •

    $default  使用規則 27 以縮減 (type_decl)


狀態 43

  102 factor: ID • MK_LPAREN relop_expr_list MK_RPAREN
  108 var_ref: ID •
  109        | ID • dim_list

    MK_LB      偏移，並進入狀態 71
    MK_LPAREN  偏移，並進入狀態 72

    $default  使用規則 108 以縮減 (var_ref)

    dim_list  進入狀態 73


狀態 44

   99 factor: CONST •

    $default  使用規則 99 以縮減 (factor)


狀態 45

   98 factor: OP_NOT • MK_LPAREN relop_expr MK_RPAREN
  101       | OP_NOT • CONST
  104       | OP_NOT • ID MK_LPAREN relop_expr_list MK_RPAREN
  107       | OP_NOT • var_ref

    ID         偏移，並進入狀態 74
    CONST      偏移，並進入狀態 75
    MK_LPAREN  偏移，並進入狀態 76

    var_ref  進入狀態 77


狀態 46

   97 factor: OP_MINUS • MK_LPAREN relop_expr MK_RPAREN
  100       | OP_MINUS • CONST
  103       | OP_MINUS • ID MK_LPAREN relop_expr_list MK_RPAREN
  106       | OP_MINUS • var_ref

    ID         偏移，並進入狀態 78
    CONST      偏移，並進入狀態 79
    MK_LPAREN  偏移，並進入狀態 80

    var_ref  進入狀態 81


狀態 47

   96 factor: MK_LPAREN • relop_expr MK_RPAREN

    ID         偏移，並進入狀態 43
    CONST      偏移，並進入狀態 44
    OP_NOT     偏移，並進入狀態 45
    OP_MINUS   偏移，並進入狀態 46
    MK_LPAREN  偏移，並進入狀態 47

    relop_expr    進入狀態 82
    relop_term    進入狀態 49
    relop_factor  進入狀態 50
    expr          進入狀態 51
    term          進入狀態 52
    factor        進入狀態 53
    var_ref       進入狀態 54


狀態 48

   52 init_id: ID OP_ASSIGN relop_expr •
   73 relop_expr: relop_expr • OP_OR relop_term

    OP_OR  偏移，並進入狀態 83

    $default  使用規則 52 以縮減 (init_id)


狀態 49

   72 relop_expr: relop_term •
   75 relop_term: relop_term • OP_AND relop_factor

    OP_AND  偏移，並進入狀態 84

    $default  使用規則 72 以縮減 (relop_expr)


狀態 50

   74 relop_term: relop_factor •

    $default  使用規則 74 以縮減 (relop_term)


狀態 51

   76 relop_factor: expr •
   77             | expr • rel_op expr
   88 expr: expr • add_op term

    OP_EQ     偏移，並進入狀態 85
    OP_NE     偏移，並進入狀態 86
    OP_GT     偏移，並進入狀態 87
    OP_LT     偏移，並進入狀態 88
    OP_GE     偏移，並進入狀態 89
    OP_LE     偏移，並進入狀態 90
    OP_PLUS   偏移，並進入狀態 91
    OP_MINUS  偏移，並進入狀態 92

    $default  使用規則 76 以縮減 (relop_factor)

    rel_op  進入狀態 93
    add_op  進入狀態 94


狀態 52

   89 expr: term •
   92 term: term • mul_op factor

    OP_TIMES   偏移，並進入狀態 95
    OP_DIVIDE  偏移，並進入狀態 96

    $default  使用規則 89 以縮減 (expr)

    mul_op  進入狀態 97


狀態 53

   93 term: factor •

    $default  使用規則 93 以縮減 (term)


狀態 54

  105 factor: var_ref •

    $default  使用規則 105 以縮減 (factor)


狀態 55

   45 cfactor: CONST •

    $default  使用規則 45 以縮減 (cfactor)


狀態 56

   46 cfactor: OP_MINUS • cfactor

    CONST      偏移，並進入狀態 55
    OP_MINUS   偏移，並進入狀態 56
    MK_LPAREN  偏移，並進入狀態 57

    cfactor  進入狀態 98


狀態 57

   47 cfactor: MK_LPAREN • cexpr MK_RPAREN

    CONST      偏移，並進入狀態 55
    OP_MINUS   偏移，並進入狀態 56
    MK_LPAREN  偏移，並進入狀態 57

    cexpr    進入狀態 99
    mcexpr   進入狀態 59
    cfactor  進入狀態 60


狀態 58

   37 dim_decl: MK_LB cexpr • MK_RB
   39 cexpr: cexpr • OP_PLUS mcexpr
   40      | cexpr • OP_MINUS mcexpr

    OP_PLUS   偏移，並進入狀態 100
    OP_MINUS  偏移，並進入狀態 101
    MK_RB     偏移，並進入狀態 102


狀態 59

   41 cexpr: mcexpr •
   42 mcexpr: mcexpr • OP_TIMES cfactor
   43       | mcexpr • OP_DIVIDE cfactor

    OP_TIMES   偏移，並進入狀態 103
    OP_DIVIDE  偏移，並進入狀態 104

    $default  使用規則 41 以縮減 (cexpr)


狀態 60

   44 mcexpr: cfactor •

    $default  使用規則 44 以縮減 (mcexpr)


狀態 61

    9 function_decl: type ID MK_LPAREN MK_RPAREN • MK_LBRACE block MK_RBRACE

    MK_LBRACE  偏移，並進入狀態 105


狀態 62

    7 function_decl: type ID MK_LPAREN param_list • MK_RPAREN MK_LBRACE block MK_RBRACE
   11 param_list: param_list • MK_COMMA param

    MK_RPAREN  偏移，並進入狀態 106
    MK_COMMA   偏移，並進入狀態 68


狀態 63

   38 dim_decl: dim_decl MK_LB • cexpr MK_RB

    CONST      偏移，並進入狀態 55
    OP_MINUS   偏移，並進入狀態 56
    MK_LPAREN  偏移，並進入狀態 57

    cexpr    進入狀態 107
    mcexpr   進入狀態 59
    cfactor  進入狀態 60


狀態 64

   50 init_id: ID •
   51        | ID • dim_decl
   52        | ID • OP_ASSIGN relop_expr

    OP_ASSIGN  偏移，並進入狀態 29
    MK_LB      偏移，並進入狀態 30

    $default  使用規則 50 以縮減 (init_id)

    dim_decl  進入狀態 32


狀態 65

   49 init_id_list: init_id_list MK_COMMA init_id •

    $default  使用規則 49 以縮減 (init_id_list)


狀態 66

   10 function_decl: VOID ID MK_LPAREN MK_RPAREN MK_LBRACE • block MK_RBRACE

    ID            偏移，並進入狀態 108
    INT           偏移，並進入狀態 3
    FLOAT         偏移，並進入狀態 4
    IF            偏移，並進入狀態 109
    WHILE         偏移，並進入狀態 110
    FOR           偏移，並進入狀態 111
    TYPEDEF       偏移，並進入狀態 5
    MK_LBRACE     偏移，並進入狀態 112
    MK_SEMICOLON  偏移，並進入狀態 113
    RETURN        偏移，並進入狀態 114

    $default  使用規則 22 以縮減 (block)

    block      進入狀態 115
    decl_list  進入狀態 116
    decl       進入狀態 11
    type_decl  進入狀態 12
    var_decl   進入狀態 13
    type       進入狀態 117
    stmt_list  進入狀態 118
    stmt       進入狀態 119
    var_ref    進入狀態 120


狀態 67

    8 function_decl: VOID ID MK_LPAREN param_list MK_RPAREN • MK_LBRACE block MK_RBRACE

    MK_LBRACE  偏移，並進入狀態 121


狀態 68

   11 param_list: param_list MK_COMMA • param

    ID     偏移，並進入狀態 1
    INT    偏移，並進入狀態 3
    FLOAT  偏移，並進入狀態 4

    param  進入狀態 122
    type   進入狀態 38


狀態 69

   13 param: type ID •
   14      | type ID • dim_fn

    MK_LB  偏移，並進入狀態 123

    $default  使用規則 13 以縮減 (param)

    dim_fn  進入狀態 124


狀態 70

   34 id_list: id_list MK_COMMA ID •
   35        | id_list MK_COMMA ID • dim_decl

    MK_LB  偏移，並進入狀態 30

    $default  使用規則 34 以縮減 (id_list)

    dim_decl  進入狀態 125


狀態 71

  111 dim_list: MK_LB • expr MK_RB

    ID         偏移，並進入狀態 43
    CONST      偏移，並進入狀態 44
    OP_NOT     偏移，並進入狀態 45
    OP_MINUS   偏移，並進入狀態 46
    MK_LPAREN  偏移，並進入狀態 47

    expr     進入狀態 126
    term     進入狀態 52
    factor   進入狀態 53
    var_ref  進入狀態 54


狀態 72

  102 factor: ID MK_LPAREN • relop_expr_list MK_RPAREN

    ID         偏移，並進入狀態 43
    CONST      偏移，並進入狀態 44
    OP_NOT     偏移，並進入狀態 45
    OP_MINUS   偏移，並進入狀態 46
    MK_LPAREN  偏移，並進入狀態 47

    $default  使用規則 85 以縮減 (relop_expr_list)

    relop_expr                進入狀態 127
    relop_term                進入狀態 49
    relop_factor              進入狀態 50
    relop_expr_list           進入狀態 128
    nonempty_relop_expr_list  進入狀態 129
    expr                      進入狀態 51
    term                      進入狀態 52
    factor                    進入狀態 53
    var_ref                   進入狀態 54


狀態 73

  109 var_ref: ID dim_list •
  110 dim_list: dim_list • MK_LB expr MK_RB

    MK_LB  偏移，並進入狀態 130

    $default  使用規則 109 以縮減 (var_ref)


狀態 74

  104 factor: OP_NOT ID • MK_LPAREN relop_expr_list MK_RPAREN
  108 var_ref: ID •
  109        | ID • dim_list

    MK_LB      偏移，並進入狀態 71
    MK_LPAREN  偏移，並進入狀態 131

    $default  使用規則 108 以縮減 (var_ref)

    dim_list  進入狀態 73


狀態 75

  101 factor: OP_NOT CONST •

    $default  使用規則 101 以縮減 (factor)


狀態 76

   98 factor: OP_NOT MK_LPAREN • relop_expr MK_RPAREN

    ID         偏移，並進入狀態 43
    CONST      偏移，並進入狀態 44
    OP_NOT     偏移，並進入狀態 45
    OP_MINUS   偏移，並進入狀態 46
    MK_LPAREN  偏移，並進入狀態 47

    relop_expr    進入狀態 132
    relop_term    進入狀態 49
    relop_factor  進入狀態 50
    expr          進入狀態 51
    term          進入狀態 52
    factor        進入狀態 53
    var_ref       進入狀態 54


狀態 77

  107 factor: OP_NOT var_ref •

    $default  使用規則 107 以縮減 (factor)


狀態 78

  103 factor: OP_MINUS ID • MK_LPAREN relop_expr_list MK_RPAREN
  108 var_ref: ID •
  109        | ID • dim_list

    MK_LB      偏移，並進入狀態 71
    MK_LPAREN  偏移，並進入狀態 133

    $default  使用規則 108 以縮減 (var_ref)

    dim_list  進入狀態 73


狀態 79

  100 factor: OP_MINUS CONST •

    $default  使用規則 100 以縮減 (factor)


狀態 80

   97 factor: OP_MINUS MK_LPAREN • relop_expr MK_RPAREN

    ID         偏移，並進入狀態 43
    CONST      偏移，並進入狀態 44
    OP_NOT     偏移，並進入狀態 45
    OP_MINUS   偏移，並進入狀態 46
    MK_LPAREN  偏移，並進入狀態 47

    relop_expr    進入狀態 134
    relop_term    進入狀態 49
    relop_factor  進入狀態 50
    expr          進入狀態 51
    term          進入狀態 52
    factor        進入狀態 53
    var_ref       進入狀態 54


狀態 81

  106 factor: OP_MINUS var_ref •

    $default  使用規則 106 以縮減 (factor)


狀態 82

   73 relop_expr: relop_expr • OP_OR relop_term
   96 factor: MK_LPAREN relop_expr • MK_RPAREN

    OP_OR      偏移，並進入狀態 83
    MK_RPAREN  偏移，並進入狀態 135


狀態 83

   73 relop_expr: relop_expr OP_OR • relop_term

    ID         偏移，並進入狀態 43
    CONST      偏移，並進入狀態 44
    OP_NOT     偏移，並進入狀態 45
    OP_MINUS   偏移，並進入狀態 46
    MK_LPAREN  偏移，並進入狀態 47

    relop_term    進入狀態 136
    relop_factor  進入狀態 50
    expr          進入狀態 51
    term          進入狀態 52
    factor        進入狀態 53
    var_ref       進入狀態 54


狀態 84

   75 relop_term: relop_term OP_AND • relop_factor

    ID         偏移，並進入狀態 43
    CONST      偏移，並進入狀態 44
    OP_NOT     偏移，並進入狀態 45
    OP_MINUS   偏移，並進入狀態 46
    MK_LPAREN  偏移，並進入狀態 47

    relop_factor  進入狀態 137
    expr          進入狀態 51
    term          進入狀態 52
    factor        進入狀態 53
    var_ref       進入狀態 54


狀態 85

   78 rel_op: OP_EQ •

    $default  使用規則 78 以縮減 (rel_op)


狀態 86

   81 rel_op: OP_NE •

    $default  使用規則 81 以縮減 (rel_op)


狀態 87

   82 rel_op: OP_GT •

    $default  使用規則 82 以縮減 (rel_op)


狀態 88

   83 rel_op: OP_LT •

    $default  使用規則 83 以縮減 (rel_op)


狀態 89

   79 rel_op: OP_GE •

    $default  使用規則 79 以縮減 (rel_op)


狀態 90

   80 rel_op: OP_LE •

    $default  使用規則 80 以縮減 (rel_op)


狀態 91

   90 add_op: OP_PLUS •

    $default  使用規則 90 以縮減 (add_op)


狀態 92

   91 add_op: OP_MINUS •

    $default  使用規則 91 以縮減 (add_op)


狀態 93

   77 relop_factor: expr rel_op • expr

    ID         偏移，並進入狀態 43
    CONST      偏移，並進入狀態 44
    OP_NOT     偏移，並進入狀態 45
    OP_MINUS   偏移，並進入狀態 46
    MK_LPAREN  偏移，並進入狀態 47

    expr     進入狀態 138
    term     進入狀態 52
    factor   進入狀態 53
    var_ref  進入狀態 54


狀態 94

   88 expr: expr add_op • term

    ID         偏移，並進入狀態 43
    CONST      偏移，並進入狀態 44
    OP_NOT     偏移，並進入狀態 45
    OP_MINUS   偏移，並進入狀態 46
    MK_LPAREN  偏移，並進入狀態 47

    term     進入狀態 139
    factor   進入狀態 53
    var_ref  進入狀態 54


狀態 95

   94 mul_op: OP_TIMES •

    $default  使用規則 94 以縮減 (mul_op)


狀態 96

   95 mul_op: OP_DIVIDE •

    $default  使用規則 95 以縮減 (mul_op)


狀態 97

   92 term: term mul_op • factor

    ID         偏移，並進入狀態 43
    CONST      偏移，並進入狀態 44
    OP_NOT     偏移，並進入狀態 45
    OP_MINUS   偏移，並進入狀態 46
    MK_LPAREN  偏移，並進入狀態 47

    factor   進入狀態 140
    var_ref  進入狀態 54


狀態 98

   46 cfactor: OP_MINUS cfactor •

    $default  使用規則 46 以縮減 (cfactor)


狀態 99

   39 cexpr: cexpr • OP_PLUS mcexpr
   40      | cexpr • OP_MINUS mcexpr
   47 cfactor: MK_LPAREN cexpr • MK_RPAREN

    OP_PLUS    偏移，並進入狀態 100
    OP_MINUS   偏移，並進入狀態 101
    MK_RPAREN  偏移，並進入狀態 141


狀態 100

   39 cexpr: cexpr OP_PLUS • mcexpr

    CONST      偏移，並進入狀態 55
    OP_MINUS   偏移，並進入狀態 56
    MK_LPAREN  偏移，並進入狀態 57

    mcexpr   進入狀態 142
    cfactor  進入狀態 60


狀態 101

   40 cexpr: cexpr OP_MINUS • mcexpr

    CONST      偏移，並進入狀態 55
    OP_MINUS   偏移，並進入狀態 56
    MK_LPAREN  偏移，並進入狀態 57

    mcexpr   進入狀態 143
    cfactor  進入狀態 60


狀態 102

   37 dim_decl: MK_LB cexpr MK_RB •

    $default  使用規則 37 以縮減 (dim_decl)


狀態 103

   42 mcexpr: mcexpr OP_TIMES • cfactor

    CONST      偏移，並進入狀態 55
    OP_MINUS   偏移，並進入狀態 56
    MK_LPAREN  偏移，並進入狀態 57

    cfactor  進入狀態 144


狀態 104

   43 mcexpr: mcexpr OP_DIVIDE • cfactor

    CONST      偏移，並進入狀態 55
    OP_MINUS   偏移，並進入狀態 56
    MK_LPAREN  偏移，並進入狀態 57

    cfactor  進入狀態 145


狀態 105

    9 function_decl: type ID MK_LPAREN MK_RPAREN MK_LBRACE • block MK_RBRACE

    ID            偏移，並進入狀態 108
    INT           偏移，並進入狀態 3
    FLOAT         偏移，並進入狀態 4
    IF            偏移，並進入狀態 109
    WHILE         偏移，並進入狀態 110
    FOR           偏移，並進入狀態 111
    TYPEDEF       偏移，並進入狀態 5
    MK_LBRACE     偏移，並進入狀態 112
    MK_SEMICOLON  偏移，並進入狀態 113
    RETURN        偏移，並進入狀態 114

    $default  使用規則 22 以縮減 (block)

    block      進入狀態 146
    decl_list  進入狀態 116
    decl       進入狀態 11
    type_decl  進入狀態 12
    var_decl   進入狀態 13
    type       進入狀態 117
    stmt_list  進入狀態 118
    stmt       進入狀態 119
    var_ref    進入狀態 120


狀態 106

    7 function_decl: type ID MK_LPAREN param_list MK_RPAREN • MK_LBRACE block MK_RBRACE

    MK_LBRACE  偏移，並進入狀態 147


狀態 107

   38 dim_decl: dim_decl MK_LB cexpr • MK_RB
   39 cexpr: cexpr • OP_PLUS mcexpr
   40      | cexpr • OP_MINUS mcexpr

    OP_PLUS   偏移，並進入狀態 100
    OP_MINUS  偏移，並進入狀態 101
    MK_RB     偏移，並進入狀態 148


狀態 108

   32 type: ID •
   61 stmt: ID • MK_LPAREN relop_expr_list MK_RPAREN MK_SEMICOLON
  108 var_ref: ID •
  109        | ID • dim_list

    MK_LB      偏移，並進入狀態 71
    MK_LPAREN  偏移，並進入狀態 149

    OP_ASSIGN  使用規則 108 以縮減 (var_ref)
    $default   使用規則 32 以縮減 (type)

    dim_list  進入狀態 73


狀態 109

   59 stmt: IF • MK_LPAREN test MK_RPAREN stmt
   60     | IF • MK_LPAREN test MK_RPAREN stmt ELSE stmt

    MK_LPAREN  偏移，並進入狀態 150


狀態 110

   56 stmt: WHILE • MK_LPAREN test MK_RPAREN stmt

    MK_LPAREN  偏移，並進入狀態 151


狀態 111

   57 stmt: FOR • MK_LPAREN assign_expr_list MK_SEMICOLON relop_expr_list MK_SEMICOLON assign_expr_list MK_RPAREN stmt

    MK_LPAREN  偏移，並進入狀態 152


狀態 112

   55 stmt: MK_LBRACE • block MK_RBRACE

    ID            偏移，並進入狀態 108
    INT           偏移，並進入狀態 3
    FLOAT         偏移，並進入狀態 4
    IF            偏移，並進入狀態 109
    WHILE         偏移，並進入狀態 110
    FOR           偏移，並進入狀態 111
    TYPEDEF       偏移，並進入狀態 5
    MK_LBRACE     偏移，並進入狀態 112
    MK_SEMICOLON  偏移，並進入狀態 113
    RETURN        偏移，並進入狀態 114

    $default  使用規則 22 以縮減 (block)

    block      進入狀態 153
    decl_list  進入狀態 116
    decl       進入狀態 11
    type_decl  進入狀態 12
    var_decl   進入狀態 13
    type       進入狀態 117
    stmt_list  進入狀態 118
    stmt       進入狀態 119
    var_ref    進入狀態 120


狀態 113

   62 stmt: MK_SEMICOLON •

    $default  使用規則 62 以縮減 (stmt)


狀態 114

   63 stmt: RETURN • MK_SEMICOLON
   64     | RETURN • relop_expr MK_SEMICOLON

    ID            偏移，並進入狀態 43
    CONST         偏移，並進入狀態 44
    OP_NOT        偏移，並進入狀態 45
    OP_MINUS      偏移，並進入狀態 46
    MK_LPAREN     偏移，並進入狀態 47
    MK_SEMICOLON  偏移，並進入狀態 154

    relop_expr    進入狀態 155
    relop_term    進入狀態 49
    relop_factor  進入狀態 50
    expr          進入狀態 51
    term          進入狀態 52
    factor        進入狀態 53
    var_ref       進入狀態 54


狀態 115

   10 function_decl: VOID ID MK_LPAREN MK_RPAREN MK_LBRACE block • MK_RBRACE

    MK_RBRACE  偏移，並進入狀態 156


狀態 116

   19 block: decl_list • stmt_list
   21      | decl_list •
   23 decl_list: decl_list • decl

    ID            偏移，並進入狀態 108
    INT           偏移，並進入狀態 3
    FLOAT         偏移，並進入狀態 4
    IF            偏移，並進入狀態 109
    WHILE         偏移，並進入狀態 110
    FOR           偏移，並進入狀態 111
    TYPEDEF       偏移，並進入狀態 5
    MK_LBRACE     偏移，並進入狀態 112
    MK_SEMICOLON  偏移，並進入狀態 113
    RETURN        偏移，並進入狀態 114

    $default  使用規則 21 以縮減 (block)

    decl       進入狀態 21
    type_decl  進入狀態 12
    var_decl   進入狀態 13
    type       進入狀態 117
    stmt_list  進入狀態 157
    stmt       進入狀態 119
    var_ref    進入狀態 120


狀態 117

   29 var_decl: type • init_id_list MK_SEMICOLON

    ID  偏移，並進入狀態 64

    init_id_list  進入狀態 23
    init_id       進入狀態 24


狀態 118

   20 block: stmt_list •
   53 stmt_list: stmt_list • stmt

    ID            偏移，並進入狀態 158
    IF            偏移，並進入狀態 109
    WHILE         偏移，並進入狀態 110
    FOR           偏移，並進入狀態 111
    MK_LBRACE     偏移，並進入狀態 112
    MK_SEMICOLON  偏移，並進入狀態 113
    RETURN        偏移，並進入狀態 114

    $default  使用規則 20 以縮減 (block)

    stmt     進入狀態 159
    var_ref  進入狀態 120


狀態 119

   54 stmt_list: stmt •

    $default  使用規則 54 以縮減 (stmt_list)


狀態 120

   58 stmt: var_ref • OP_ASSIGN relop_expr MK_SEMICOLON

    OP_ASSIGN  偏移，並進入狀態 160


狀態 121

    8 function_decl: VOID ID MK_LPAREN param_list MK_RPAREN MK_LBRACE • block MK_RBRACE

    ID            偏移，並進入狀態 108
    INT           偏移，並進入狀態 3
    FLOAT         偏移，並進入狀態 4
    IF            偏移，並進入狀態 109
    WHILE         偏移，並進入狀態 110
    FOR           偏移，並進入狀態 111
    TYPEDEF       偏移，並進入狀態 5
    MK_LBRACE     偏移，並進入狀態 112
    MK_SEMICOLON  偏移，並進入狀態 113
    RETURN        偏移，並進入狀態 114

    $default  使用規則 22 以縮減 (block)

    block      進入狀態 161
    decl_list  進入狀態 116
    decl       進入狀態 11
    type_decl  進入狀態 12
    var_decl   進入狀態 13
    type       進入狀態 117
    stmt_list  進入狀態 118
    stmt       進入狀態 119
    var_ref    進入狀態 120


狀態 122

   11 param_list: param_list MK_COMMA param •

    $default  使用規則 11 以縮減 (param_list)


狀態 123

   15 dim_fn: MK_LB • expr_null MK_RB

    ID         偏移，並進入狀態 43
    CONST      偏移，並進入狀態 44
    OP_NOT     偏移，並進入狀態 45
    OP_MINUS   偏移，並進入狀態 46
    MK_LPAREN  偏移，並進入狀態 47

    $default  使用規則 18 以縮減 (expr_null)

    expr_null  進入狀態 162
    expr       進入狀態 163
    term       進入狀態 52
    factor     進入狀態 53
    var_ref    進入狀態 54


狀態 124

   14 param: type ID dim_fn •
   16 dim_fn: dim_fn • MK_LB expr MK_RB

    MK_LB  偏移，並進入狀態 164

    $default  使用規則 14 以縮減 (param)


狀態 125

   35 id_list: id_list MK_COMMA ID dim_decl •
   38 dim_decl: dim_decl • MK_LB cexpr MK_RB

    MK_LB  偏移，並進入狀態 63

    $default  使用規則 35 以縮減 (id_list)


狀態 126

   88 expr: expr • add_op term
  111 dim_list: MK_LB expr • MK_RB

    OP_PLUS   偏移，並進入狀態 91
    OP_MINUS  偏移，並進入狀態 92
    MK_RB     偏移，並進入狀態 165

    add_op  進入狀態 94


狀態 127

   73 relop_expr: relop_expr • OP_OR relop_term
   87 nonempty_relop_expr_list: relop_expr •

    OP_OR  偏移，並進入狀態 83

    $default  使用規則 87 以縮減 (nonempty_relop_expr_list)


狀態 128

  102 factor: ID MK_LPAREN relop_expr_list • MK_RPAREN

    MK_RPAREN  偏移，並進入狀態 166


狀態 129

   84 relop_expr_list: nonempty_relop_expr_list •
   86 nonempty_relop_expr_list: nonempty_relop_expr_list • MK_COMMA relop_expr

    MK_COMMA  偏移，並進入狀態 167

    $default  使用規則 84 以縮減 (relop_expr_list)


狀態 130

  110 dim_list: dim_list MK_LB • expr MK_RB

    ID         偏移，並進入狀態 43
    CONST      偏移，並進入狀態 44
    OP_NOT     偏移，並進入狀態 45
    OP_MINUS   偏移，並進入狀態 46
    MK_LPAREN  偏移，並進入狀態 47

    expr     進入狀態 168
    term     進入狀態 52
    factor   進入狀態 53
    var_ref  進入狀態 54


狀態 131

  104 factor: OP_NOT ID MK_LPAREN • relop_expr_list MK_RPAREN

    ID         偏移，並進入狀態 43
    CONST      偏移，並進入狀態 44
    OP_NOT     偏移，並進入狀態 45
    OP_MINUS   偏移，並進入狀態 46
    MK_LPAREN  偏移，並進入狀態 47

    $default  使用規則 85 以縮減 (relop_expr_list)

    relop_expr                進入狀態 127
    relop_term                進入狀態 49
    relop_factor              進入狀態 50
    relop_expr_list           進入狀態 169
    nonempty_relop_expr_list  進入狀態 129
    expr                      進入狀態 51
    term                      進入狀態 52
    factor                    進入狀態 53
    var_ref                   進入狀態 54


狀態 132

   73 relop_expr: relop_expr • OP_OR relop_term
   98 factor: OP_NOT MK_LPAREN relop_expr • MK_RPAREN

    OP_OR      偏移，並進入狀態 83
    MK_RPAREN  偏移，並進入狀態 170


狀態 133

  103 factor: OP_MINUS ID MK_LPAREN • relop_expr_list MK_RPAREN

    ID         偏移，並進入狀態 43
    CONST      偏移，並進入狀態 44
    OP_NOT     偏移，並進入狀態 45
    OP_MINUS   偏移，並進入狀態 46
    MK_LPAREN  偏移，並進入狀態 47

    $default  使用規則 85 以縮減 (relop_expr_list)

    relop_expr                進入狀態 127
    relop_term                進入狀態 49
    relop_factor              進入狀態 50
    relop_expr_list           進入狀態 171
    nonempty_relop_expr_list  進入狀態 129
    expr                      進入狀態 51
    term                      進入狀態 52
    factor                    進入狀態 53
    var_ref                   進入狀態 54


狀態 134

   73 relop_expr: relop_expr • OP_OR relop_term
   97 factor: OP_MINUS MK_LPAREN relop_expr • MK_RPAREN

    OP_OR      偏移，並進入狀態 83
    MK_RPAREN  偏移，並進入狀態 172


狀態 135

   96 factor: MK_LPAREN relop_expr MK_RPAREN •

    $default  使用規則 96 以縮減 (factor)


狀態 136

   73 relop_expr: relop_expr OP_OR relop_term •
   75 relop_term: relop_term • OP_AND relop_factor

    OP_AND  偏移，並進入狀態 84

    $default  使用規則 73 以縮減 (relop_expr)


狀態 137

   75 relop_term: relop_term OP_AND relop_factor •

    $default  使用規則 75 以縮減 (relop_term)


狀態 138

   77 relop_factor: expr rel_op expr •
   88 expr: expr • add_op term

    OP_PLUS   偏移，並進入狀態 91
    OP_MINUS  偏移，並進入狀態 92

    $default  使用規則 77 以縮減 (relop_factor)

    add_op  進入狀態 94


狀態 139

   88 expr: expr add_op term •
   92 term: term • mul_op factor

    OP_TIMES   偏移，並進入狀態 95
    OP_DIVIDE  偏移，並進入狀態 96

    $default  使用規則 88 以縮減 (expr)

    mul_op  進入狀態 97


狀態 140

   92 term: term mul_op factor •

    $default  使用規則 92 以縮減 (term)


狀態 141

   47 cfactor: MK_LPAREN cexpr MK_RPAREN •

    $default  使用規則 47 以縮減 (cfactor)


狀態 142

   39 cexpr: cexpr OP_PLUS mcexpr •
   42 mcexpr: mcexpr • OP_TIMES cfactor
   43       | mcexpr • OP_DIVIDE cfactor

    OP_TIMES   偏移，並進入狀態 103
    OP_DIVIDE  偏移，並進入狀態 104

    $default  使用規則 39 以縮減 (cexpr)


狀態 143

   40 cexpr: cexpr OP_MINUS mcexpr •
   42 mcexpr: mcexpr • OP_TIMES cfactor
   43       | mcexpr • OP_DIVIDE cfactor

    OP_TIMES   偏移，並進入狀態 103
    OP_DIVIDE  偏移，並進入狀態 104

    $default  使用規則 40 以縮減 (cexpr)


狀態 144

   42 mcexpr: mcexpr OP_TIMES cfactor •

    $default  使用規則 42 以縮減 (mcexpr)


狀態 145

   43 mcexpr: mcexpr OP_DIVIDE cfactor •

    $default  使用規則 43 以縮減 (mcexpr)


狀態 146

    9 function_decl: type ID MK_LPAREN MK_RPAREN MK_LBRACE block • MK_RBRACE

    MK_RBRACE  偏移，並進入狀態 173


狀態 147

    7 function_decl: type ID MK_LPAREN param_list MK_RPAREN MK_LBRACE • block MK_RBRACE

    ID            偏移，並進入狀態 108
    INT           偏移，並進入狀態 3
    FLOAT         偏移，並進入狀態 4
    IF            偏移，並進入狀態 109
    WHILE         偏移，並進入狀態 110
    FOR           偏移，並進入狀態 111
    TYPEDEF       偏移，並進入狀態 5
    MK_LBRACE     偏移，並進入狀態 112
    MK_SEMICOLON  偏移，並進入狀態 113
    RETURN        偏移，並進入狀態 114

    $default  使用規則 22 以縮減 (block)

    block      進入狀態 174
    decl_list  進入狀態 116
    decl       進入狀態 11
    type_decl  進入狀態 12
    var_decl   進入狀態 13
    type       進入狀態 117
    stmt_list  進入狀態 118
    stmt       進入狀態 119
    var_ref    進入狀態 120


狀態 148

   38 dim_decl: dim_decl MK_LB cexpr MK_RB •

    $default  使用規則 38 以縮減 (dim_decl)


狀態 149

   61 stmt: ID MK_LPAREN • relop_expr_list MK_RPAREN MK_SEMICOLON

    ID         偏移，並進入狀態 43
    CONST      偏移，並進入狀態 44
    OP_NOT     偏移，並進入狀態 45
    OP_MINUS   偏移，並進入狀態 46
    MK_LPAREN  偏移，並進入狀態 47

    $default  使用規則 85 以縮減 (relop_expr_list)

    relop_expr                進入狀態 127
    relop_term                進入狀態 49
    relop_factor              進入狀態 50
    relop_expr_list           進入狀態 175
    nonempty_relop_expr_list  進入狀態 129
    expr                      進入狀態 51
    term                      進入狀態 52
    factor                    進入狀態 53
    var_ref                   進入狀態 54


狀態 150

   59 stmt: IF MK_LPAREN • test MK_RPAREN stmt
   60     | IF MK_LPAREN • test MK_RPAREN stmt ELSE stmt

    ID         偏移，並進入狀態 176
    CONST      偏移，並進入狀態 44
    OP_NOT     偏移，並進入狀態 45
    OP_MINUS   偏移，並進入狀態 46
    MK_LPAREN  偏移，並進入狀態 47

    test          進入狀態 177
    assign_expr   進入狀態 178
    relop_expr    進入狀態 179
    relop_term    進入狀態 49
    relop_factor  進入狀態 50
    expr          進入狀態 51
    term          進入狀態 52
    factor        進入狀態 53
    var_ref       進入狀態 54


狀態 151

   56 stmt: WHILE MK_LPAREN • test MK_RPAREN stmt

    ID         偏移，並進入狀態 176
    CONST      偏移，並進入狀態 44
    OP_NOT     偏移，並進入狀態 45
    OP_MINUS   偏移，並進入狀態 46
    MK_LPAREN  偏移，並進入狀態 47

    test          進入狀態 180
    assign_expr   進入狀態 178
    relop_expr    進入狀態 179
    relop_term    進入狀態 49
    relop_factor  進入狀態 50
    expr          進入狀態 51
    term          進入狀態 52
    factor        進入狀態 53
    var_ref       進入狀態 54


狀態 152

   57 stmt: FOR MK_LPAREN • assign_expr_list MK_SEMICOLON relop_expr_list MK_SEMICOLON assign_expr_list MK_RPAREN stmt

    ID         偏移，並進入狀態 176
    CONST      偏移，並進入狀態 44
    OP_NOT     偏移，並進入狀態 45
    OP_MINUS   偏移，並進入狀態 46
    MK_LPAREN  偏移，並進入狀態 47

    $default  使用規則 66 以縮減 (assign_expr_list)

    assign_expr_list           進入狀態 181
    nonempty_assign_expr_list  進入狀態 182
    assign_expr                進入狀態 183
    relop_expr                 進入狀態 179
    relop_term                 進入狀態 49
    relop_factor               進入狀態 50
    expr                       進入狀態 51
    term                       進入狀態 52
    factor                     進入狀態 53
    var_ref                    進入狀態 54


狀態 153

   55 stmt: MK_LBRACE block • MK_RBRACE

    MK_RBRACE  偏移，並進入狀態 184


狀態 154

   63 stmt: RETURN MK_SEMICOLON •

    $default  使用規則 63 以縮減 (stmt)


狀態 155

   64 stmt: RETURN relop_expr • MK_SEMICOLON
   73 relop_expr: relop_expr • OP_OR relop_term

    OP_OR         偏移，並進入狀態 83
    MK_SEMICOLON  偏移，並進入狀態 185


狀態 156

   10 function_decl: VOID ID MK_LPAREN MK_RPAREN MK_LBRACE block MK_RBRACE •

    $default  使用規則 10 以縮減 (function_decl)


狀態 157

   19 block: decl_list stmt_list •
   53 stmt_list: stmt_list • stmt

    ID            偏移，並進入狀態 158
    IF            偏移，並進入狀態 109
    WHILE         偏移，並進入狀態 110
    FOR           偏移，並進入狀態 111
    MK_LBRACE     偏移，並進入狀態 112
    MK_SEMICOLON  偏移，並進入狀態 113
    RETURN        偏移，並進入狀態 114

    $default  使用規則 19 以縮減 (block)

    stmt     進入狀態 159
    var_ref  進入狀態 120


狀態 158

   61 stmt: ID • MK_LPAREN relop_expr_list MK_RPAREN MK_SEMICOLON
  108 var_ref: ID •
  109        | ID • dim_list

    MK_LB      偏移，並進入狀態 71
    MK_LPAREN  偏移，並進入狀態 149

    $default  使用規則 108 以縮減 (var_ref)

    dim_list  進入狀態 73


狀態 159

   53 stmt_list: stmt_list stmt •

    $default  使用規則 53 以縮減 (stmt_list)


狀態 160

   58 stmt: var_ref OP_ASSIGN • relop_expr MK_SEMICOLON

    ID         偏移，並進入狀態 43
    CONST      偏移，並進入狀態 44
    OP_NOT     偏移，並進入狀態 45
    OP_MINUS   偏移，並進入狀態 46
    MK_LPAREN  偏移，並進入狀態 47

    relop_expr    進入狀態 186
    relop_term    進入狀態 49
    relop_factor  進入狀態 50
    expr          進入狀態 51
    term          進入狀態 52
    factor        進入狀態 53
    var_ref       進入狀態 54


狀態 161

    8 function_decl: VOID ID MK_LPAREN param_list MK_RPAREN MK_LBRACE block • MK_RBRACE

    MK_RBRACE  偏移，並進入狀態 187


狀態 162

   15 dim_fn: MK_LB expr_null • MK_RB

    MK_RB  偏移，並進入狀態 188


狀態 163

   17 expr_null: expr •
   88 expr: expr • add_op term

    OP_PLUS   偏移，並進入狀態 91
    OP_MINUS  偏移，並進入狀態 92

    $default  使用規則 17 以縮減 (expr_null)

    add_op  進入狀態 94


狀態 164

   16 dim_fn: dim_fn MK_LB • expr MK_RB

    ID         偏移，並進入狀態 43
    CONST      偏移，並進入狀態 44
    OP_NOT     偏移，並進入狀態 45
    OP_MINUS   偏移，並進入狀態 46
    MK_LPAREN  偏移，並進入狀態 47

    expr     進入狀態 189
    term     進入狀態 52
    factor   進入狀態 53
    var_ref  進入狀態 54


狀態 165

  111 dim_list: MK_LB expr MK_RB •

    $default  使用規則 111 以縮減 (dim_list)


狀態 166

  102 factor: ID MK_LPAREN relop_expr_list MK_RPAREN •

    $default  使用規則 102 以縮減 (factor)


狀態 167

   86 nonempty_relop_expr_list: nonempty_relop_expr_list MK_COMMA • relop_expr

    ID         偏移，並進入狀態 43
    CONST      偏移，並進入狀態 44
    OP_NOT     偏移，並進入狀態 45
    OP_MINUS   偏移，並進入狀態 46
    MK_LPAREN  偏移，並進入狀態 47

    relop_expr    進入狀態 190
    relop_term    進入狀態 49
    relop_factor  進入狀態 50
    expr          進入狀態 51
    term          進入狀態 52
    factor        進入狀態 53
    var_ref       進入狀態 54


狀態 168

   88 expr: expr • add_op term
  110 dim_list: dim_list MK_LB expr • MK_RB

    OP_PLUS   偏移，並進入狀態 91
    OP_MINUS  偏移，並進入狀態 92
    MK_RB     偏移，並進入狀態 191

    add_op  進入狀態 94


狀態 169

  104 factor: OP_NOT ID MK_LPAREN relop_expr_list • MK_RPAREN

    MK_RPAREN  偏移，並進入狀態 192


狀態 170

   98 factor: OP_NOT MK_LPAREN relop_expr MK_RPAREN •

    $default  使用規則 98 以縮減 (factor)


狀態 171

  103 factor: OP_MINUS ID MK_LPAREN relop_expr_list • MK_RPAREN

    MK_RPAREN  偏移，並進入狀態 193


狀態 172

   97 factor: OP_MINUS MK_LPAREN relop_expr MK_RPAREN •

    $default  使用規則 97 以縮減 (factor)


狀態 173

    9 function_decl: type ID MK_LPAREN MK_RPAREN MK_LBRACE block MK_RBRACE •

    $default  使用規則 9 以縮減 (function_decl)


狀態 174

    7 function_decl: type ID MK_LPAREN param_list MK_RPAREN MK_LBRACE block • MK_RBRACE

    MK_RBRACE  偏移，並進入狀態 194


狀態 175

   61 stmt: ID MK_LPAREN relop_expr_list • MK_RPAREN MK_SEMICOLON

    MK_RPAREN  偏移，並進入狀態 195


狀態 176

   70 assign_expr: ID • OP_ASSIGN relop_expr
  102 factor: ID • MK_LPAREN relop_expr_list MK_RPAREN
  108 var_ref: ID •
  109        | ID • dim_list

    OP_ASSIGN  偏移，並進入狀態 196
    MK_LB      偏移，並進入狀態 71
    MK_LPAREN  偏移，並進入狀態 72

    $default  使用規則 108 以縮減 (var_ref)

    dim_list  進入狀態 73


狀態 177

   59 stmt: IF MK_LPAREN test • MK_RPAREN stmt
   60     | IF MK_LPAREN test • MK_RPAREN stmt ELSE stmt

    MK_RPAREN  偏移，並進入狀態 197


狀態 178

   69 test: assign_expr •

    $default  使用規則 69 以縮減 (test)


狀態 179

   71 assign_expr: relop_expr •
   73 relop_expr: relop_expr • OP_OR relop_term

    OP_OR  偏移，並進入狀態 83

    $default  使用規則 71 以縮減 (assign_expr)


狀態 180

   56 stmt: WHILE MK_LPAREN test • MK_RPAREN stmt

    MK_RPAREN  偏移，並進入狀態 198


狀態 181

   57 stmt: FOR MK_LPAREN assign_expr_list • MK_SEMICOLON relop_expr_list MK_SEMICOLON assign_expr_list MK_RPAREN stmt

    MK_SEMICOLON  偏移，並進入狀態 199


狀態 182

   65 assign_expr_list: nonempty_assign_expr_list •
   67 nonempty_assign_expr_list: nonempty_assign_expr_list • MK_COMMA assign_expr

    MK_COMMA  偏移，並進入狀態 200

    $default  使用規則 65 以縮減 (assign_expr_list)


狀態 183

   68 nonempty_assign_expr_list: assign_expr •

    $default  使用規則 68 以縮減 (nonempty_assign_expr_list)


狀態 184

   55 stmt: MK_LBRACE block MK_RBRACE •

    $default  使用規則 55 以縮減 (stmt)


狀態 185

   64 stmt: RETURN relop_expr MK_SEMICOLON •

    $default  使用規則 64 以縮減 (stmt)


狀態 186

   58 stmt: var_ref OP_ASSIGN relop_expr • MK_SEMICOLON
   73 relop_expr: relop_expr • OP_OR relop_term

    OP_OR         偏移，並進入狀態 83
    MK_SEMICOLON  偏移，並進入狀態 201


狀態 187

    8 function_decl: VOID ID MK_LPAREN param_list MK_RPAREN MK_LBRACE block MK_RBRACE •

    $default  使用規則 8 以縮減 (function_decl)


狀態 188

   15 dim_fn: MK_LB expr_null MK_RB •

    $default  使用規則 15 以縮減 (dim_fn)


狀態 189

   16 dim_fn: dim_fn MK_LB expr • MK_RB
   88 expr: expr • add_op term

    OP_PLUS   偏移，並進入狀態 91
    OP_MINUS  偏移，並進入狀態 92
    MK_RB     偏移，並進入狀態 202

    add_op  進入狀態 94


狀態 190

   73 relop_expr: relop_expr • OP_OR relop_term
   86 nonempty_relop_expr_list: nonempty_relop_expr_list MK_COMMA relop_expr •

    OP_OR  偏移，並進入狀態 83

    $default  使用規則 86 以縮減 (nonempty_relop_expr_list)


狀態 191

  110 dim_list: dim_list MK_LB expr MK_RB •

    $default  使用規則 110 以縮減 (dim_list)


狀態 192

  104 factor: OP_NOT ID MK_LPAREN relop_expr_list MK_RPAREN •

    $default  使用規則 104 以縮減 (factor)


狀態 193

  103 factor: OP_MINUS ID MK_LPAREN relop_expr_list MK_RPAREN •

    $default  使用規則 103 以縮減 (factor)


狀態 194

    7 function_decl: type ID MK_LPAREN param_list MK_RPAREN MK_LBRACE block MK_RBRACE •

    $default  使用規則 7 以縮減 (function_decl)


狀態 195

   61 stmt: ID MK_LPAREN relop_expr_list MK_RPAREN • MK_SEMICOLON

    MK_SEMICOLON  偏移，並進入狀態 203


狀態 196

   70 assign_expr: ID OP_ASSIGN • relop_expr

    ID         偏移，並進入狀態 43
    CONST      偏移，並進入狀態 44
    OP_NOT     偏移，並進入狀態 45
    OP_MINUS   偏移，並進入狀態 46
    MK_LPAREN  偏移，並進入狀態 47

    relop_expr    進入狀態 204
    relop_term    進入狀態 49
    relop_factor  進入狀態 50
    expr          進入狀態 51
    term          進入狀態 52
    factor        進入狀態 53
    var_ref       進入狀態 54


狀態 197

   59 stmt: IF MK_LPAREN test MK_RPAREN • stmt
   60     | IF MK_LPAREN test MK_RPAREN • stmt ELSE stmt

    ID            偏移，並進入狀態 158
    IF            偏移，並進入狀態 109
    WHILE         偏移，並進入狀態 110
    FOR           偏移，並進入狀態 111
    MK_LBRACE     偏移，並進入狀態 112
    MK_SEMICOLON  偏移，並進入狀態 113
    RETURN        偏移，並進入狀態 114

    stmt     進入狀態 205
    var_ref  進入狀態 120


狀態 198

   56 stmt: WHILE MK_LPAREN test MK_RPAREN • stmt

    ID            偏移，並進入狀態 158
    IF            偏移，並進入狀態 109
    WHILE         偏移，並進入狀態 110
    FOR           偏移，並進入狀態 111
    MK_LBRACE     偏移，並進入狀態 112
    MK_SEMICOLON  偏移，並進入狀態 113
    RETURN        偏移，並進入狀態 114

    stmt     進入狀態 206
    var_ref  進入狀態 120


狀態 199

   57 stmt: FOR MK_LPAREN assign_expr_list MK_SEMICOLON • relop_expr_list MK_SEMICOLON assign_expr_list MK_RPAREN stmt

    ID         偏移，並進入狀態 43
    CONST      偏移，並進入狀態 44
    OP_NOT     偏移，並進入狀態 45
    OP_MINUS   偏移，並進入狀態 46
    MK_LPAREN  偏移，並進入狀態 47

    $default  使用規則 85 以縮減 (relop_expr_list)

    relop_expr                進入狀態 127
    relop_term                進入狀態 49
    relop_factor              進入狀態 50
    relop_expr_list           進入狀態 207
    nonempty_relop_expr_list  進入狀態 129
    expr                      進入狀態 51
    term                      進入狀態 52
    factor                    進入狀態 53
    var_ref                   進入狀態 54


狀態 200

   67 nonempty_assign_expr_list: nonempty_assign_expr_list MK_COMMA • assign_expr

    ID         偏移，並進入狀態 176
    CONST      偏移，並進入狀態 44
    OP_NOT     偏移，並進入狀態 45
    OP_MINUS   偏移，並進入狀態 46
    MK_LPAREN  偏移，並進入狀態 47

    assign_expr   進入狀態 208
    relop_expr    進入狀態 179
    relop_term    進入狀態 49
    relop_factor  進入狀態 50
    expr          進入狀態 51
    term          進入狀態 52
    factor        進入狀態 53
    var_ref       進入狀態 54


狀態 201

   58 stmt: var_ref OP_ASSIGN relop_expr MK_SEMICOLON •

    $default  使用規則 58 以縮減 (stmt)


狀態 202

   16 dim_fn: dim_fn MK_LB expr MK_RB •

    $default  使用規則 16 以縮減 (dim_fn)


狀態 203

   61 stmt: ID MK_LPAREN relop_expr_list MK_RPAREN MK_SEMICOLON •

    $default  使用規則 61 以縮減 (stmt)


狀態 204

   70 assign_expr: ID OP_ASSIGN relop_expr •
   73 relop_expr: relop_expr • OP_OR relop_term

    OP_OR  偏移，並進入狀態 83

    $default  使用規則 70 以縮減 (assign_expr)


狀態 205

   59 stmt: IF MK_LPAREN test MK_RPAREN stmt •
   60     | IF MK_LPAREN test MK_RPAREN stmt • ELSE stmt

    ELSE  偏移，並進入狀態 209

    ELSE      [使用規則 59 以縮減 (stmt)]
    $default  使用規則 59 以縮減 (stmt)


狀態 206

   56 stmt: WHILE MK_LPAREN test MK_RPAREN stmt •

    $default  使用規則 56 以縮減 (stmt)


狀態 207

   57 stmt: FOR MK_LPAREN assign_expr_list MK_SEMICOLON relop_expr_list • MK_SEMICOLON assign_expr_list MK_RPAREN stmt

    MK_SEMICOLON  偏移，並進入狀態 210


狀態 208

   67 nonempty_assign_expr_list: nonempty_assign_expr_list MK_COMMA assign_expr •

    $default  使用規則 67 以縮減 (nonempty_assign_expr_list)


狀態 209

   60 stmt: IF MK_LPAREN test MK_RPAREN stmt ELSE • stmt

    ID            偏移，並進入狀態 158
    IF            偏移，並進入狀態 109
    WHILE         偏移，並進入狀態 110
    FOR           偏移，並進入狀態 111
    MK_LBRACE     偏移，並進入狀態 112
    MK_SEMICOLON  偏移，並進入狀態 113
    RETURN        偏移，並進入狀態 114

    stmt     進入狀態 211
    var_ref  進入狀態 120


狀態 210

   57 stmt: FOR MK_LPAREN assign_expr_list MK_SEMICOLON relop_expr_list MK_SEMICOLON • assign_expr_list MK_RPAREN stmt

    ID         偏移，並進入狀態 176
    CONST      偏移，並進入狀態 44
    OP_NOT     偏移，並進入狀態 45
    OP_MINUS   偏移，並進入狀態 46
    MK_LPAREN  偏移，並進入狀態 47

    $default  使用規則 66 以縮減 (assign_expr_list)

    assign_expr_list           進入狀態 212
    nonempty_assign_expr_list  進入狀態 182
    assign_expr                進入狀態 183
    relop_expr                 進入狀態 179
    relop_term                 進入狀態 49
    relop_factor               進入狀態 50
    expr                       進入狀態 51
    term                       進入狀態 52
    factor                     進入狀態 53
    var_ref                    進入狀態 54


狀態 211

   60 stmt: IF MK_LPAREN test MK_RPAREN stmt ELSE stmt •

    $default  使用規則 60 以縮減 (stmt)


狀態 212

   57 stmt: FOR MK_LPAREN assign_expr_list MK_SEMICOLON relop_expr_list MK_SEMICOLON assign_expr_list • MK_RPAREN stmt

    MK_RPAREN  偏移，並進入狀態 213


狀態 213

   57 stmt: FOR MK_LPAREN assign_expr_list MK_SEMICOLON relop_expr_list MK_SEMICOLON assign_expr_list MK_RPAREN • stmt

    ID            偏移，並進入狀態 158
    IF            偏移，並進入狀態 109
    WHILE         偏移，並進入狀態 110
    FOR           偏移，並進入狀態 111
    MK_LBRACE     偏移，並進入狀態 112
    MK_SEMICOLON  偏移，並進入狀態 113
    RETURN        偏移，並進入狀態 114

    stmt     進入狀態 214
    var_ref  進入狀態 120


狀態 214

   57 stmt: FOR MK_LPAREN assign_expr_list MK_SEMICOLON relop_expr_list MK_SEMICOLON assign_expr_list MK_RPAREN stmt •

    $default  使用規則 57 以縮減 (stmt)
